
     | | | | | | |
   _________________
  -|               |-
  -|               |-
  -|               |-
  -|    CYPRESS    |-
  -|               |-
  -|               |-   Warp VHDL Synthesis Compiler: Version 6.3 IR 35
  -|               |-   Copyright (C) 1991-2001 Cypress Semiconductor
   |_______________|
     | | | | | | |

======================================================================
Compiling:  contador1.vhd
Options:    -yu -e10 -w100 -o2 -ygs -fP -v10 -dc22v10 -ppalce22v10-25pc/pi -b contador1.vhd -u CONTADOR.hie
======================================================================

vhdlfe V6.3 IR 35:  VHDL parser
Wed Apr 25 05:59:19 2018

Library 'work' => directory 'lc22v10'
Linking 'C:\ARCHIV~1\Cypress\Warp\bin\std.vhd'.
Linking 'C:\ARCHIV~1\Cypress\Warp\lib\common\cypress.vhd'.
Linking 'C:\ARCHIV~1\Cypress\Warp\lib\common\work\cypress.vif'.
Library 'ieee' => directory 'C:\ARCHIV~1\Cypress\Warp\lib\ieee\work'
Linking 'C:\ARCHIV~1\Cypress\Warp\lib\ieee\work\stdlogic.vif'.
Linking 'C:\ARCHIV~1\Cypress\Warp\lib\ieee\work\syntocyp.vif'.
Linking 'C:\ARCHIV~1\Cypress\Warp\lib\ieee\work\synusgnd.vif'.
contador1.vhd (line 40, col 25):  Note: Substituting module 'cmp_vv_us_bl' for '='.
contador1.vhd (line 42, col 28):  Note: Substituting module 'cmp_vv_us_bl' for '='.
contador1.vhd (line 44, col 28):  Note: Substituting module 'cmp_vv_us_bl' for '='.
contador1.vhd (line 46, col 28):  Note: Substituting module 'cmp_vv_us_bl' for '='.
contador1.vhd (line 48, col 28):  Note: Substituting module 'cmp_vv_us_bl' for '='.

vhdlfe:  No errors.


tovif V6.3 IR 35:  High-level synthesis
Wed Apr 25 05:59:19 2018

Linking 'C:\ARCHIV~1\Cypress\Warp\bin\std.vhd'.
Linking 'C:\ARCHIV~1\Cypress\Warp\lib\common\cypress.vhd'.
Linking 'C:\ARCHIV~1\Cypress\Warp\lib\common\work\cypress.vif'.
Linking 'C:\ARCHIV~1\Cypress\Warp\lib\ieee\work\stdlogic.vif'.
Linking 'C:\ARCHIV~1\Cypress\Warp\lib\ieee\work\syntocyp.vif'.
Linking 'C:\ARCHIV~1\Cypress\Warp\lib\ieee\work\synusgnd.vif'.
Linking 'C:\ARCHIV~1\Cypress\Warp\lib\common\stdlogic\lpmpkg.vif'.
Linking 'C:\ARCHIV~1\Cypress\Warp\lib\common\stdlogic\rtlpkg.vif'.
Linking 'C:\ARCHIV~1\Cypress\Warp\lib\common\stdlogic\mod_cnst.vif'.
Linking 'C:\ARCHIV~1\Cypress\Warp\lib\common\stdlogic\syntocyp.vif'.

tovif:  No errors.


topld V6.3 IR 35:  Synthesis and optimization
Wed Apr 25 05:59:20 2018

Linking 'C:\ARCHIV~1\Cypress\Warp\bin\std.vhd'.
Linking 'C:\ARCHIV~1\Cypress\Warp\lib\common\cypress.vhd'.
Linking 'C:\ARCHIV~1\Cypress\Warp\lib\common\work\cypress.vif'.
Linking 'C:\ARCHIV~1\Cypress\Warp\lib\ieee\work\stdlogic.vif'.
Linking 'C:\ARCHIV~1\Cypress\Warp\lib\ieee\work\syntocyp.vif'.
Linking 'C:\ARCHIV~1\Cypress\Warp\lib\ieee\work\synusgnd.vif'.
Linking 'C:\ARCHIV~1\Cypress\Warp\lib\common\stdlogic\lpmpkg.vif'.
Linking 'C:\ARCHIV~1\Cypress\Warp\lib\common\stdlogic\rtlpkg.vif'.
Linking 'C:\ARCHIV~1\Cypress\Warp\lib\common\stdlogic\mod_cnst.vif'.
Linking 'C:\ARCHIV~1\Cypress\Warp\lib\common\stdlogic\syntocyp.vif'.
topld:  contador1.vhd:  Warning: (W4000) Top level entity/module generics/parameters are ignored in post-layout simulation
Linking 'C:\ARCHIV~1\Cypress\Warp\lib\lc22v10\stdlogic\c22v10.vif'.

----------------------------------------------------------
Detecting unused logic.
----------------------------------------------------------



------------------------------------------------------
Alias Detection
------------------------------------------------------

------------------------------------------------------
Aliased 0 equations, 55 wires.
------------------------------------------------------

----------------------------------------------------------
Circuit simplification
----------------------------------------------------------

----------------------------------------------------------
Circuit simplification results:

	Expanded 33 signals.
	Turned 0 signals into soft nodes.
	Maximum default expansion cost was set at 10.
----------------------------------------------------------

------------------------------------------------------
Alias Detection
------------------------------------------------------

------------------------------------------------------
Aliased 0 equations, 0 wires.
------------------------------------------------------
Created 106 PLD nodes.

topld:  No errors.  1 warning.

----------------------------------------------------------------------------
PLD Optimizer Software:       DSGNOPT.EXE    31/03/2000  [v4.02 ] 6.3 IR 35

DESIGN HEADER INFORMATION  (05:59:21)

Input File(s): contador1.pla
Device       : C22V10
Package      : palce22v10-25pc/pi
ReportFile   : contador1.rpt

Program Controls:
    COMMAND LANGUAGE_VHDL 
    COMMAND PROPERTY BUS_HOLD ENABLE 

Signal Requests:
    GROUP USEPOL ALL
    GROUP FAST_SLEW ALL

Completed Successfully  
----------------------------------------------------------------------------
PLD Optimizer Software:       DSGNOPT.EXE    31/03/2000  [v4.02 ] 6.3 IR 35

OPTIMIZATION OPTIONS       (05:59:21)

Messages:
  Information: Process virtual '\display(0)D\'\display(0)D\ ... expanded.
  Information: Process virtual '\display(1)D\'\display(1)D\ ... expanded.
  Information: Process virtual '\display(2)D\'\display(2)D\ ... expanded.
  Information: Process virtual '\display(3)D\'\display(3)D\ ... expanded.
  Information: Process virtual '\display(4)D\'\display(4)D\ ... expanded.
  Information: Process virtual '\display(5)D\'\display(5)D\ ... expanded.
  Information: Process virtual '\display(6)D\'\display(6)D\ ... expanded.
  Information: Optimizing logic using best output polarity for signals:
         display(0).D display(1).D display(2).D display(3).D display(4).D
         display(5).D display(6).D

  Information: Selected logic optimization OFF for signals:
         display(0).AP display(0).C display(1).AP display(1).C display(2).AP
         display(2).C display(3).AP display(3).C display(4).AR display(4).C
         display(5).AR display(5).C display(6).AP display(6).C



Summary:
                 Error Count = 0      Warning Count = 0

Completed Successfully  
----------------------------------------------------------------------------
PLD Optimizer Software:       MINOPT.EXE     01/NOV/1999  [v4.02 ] 6.3 IR 35

LOGIC MINIMIZATION         ()

Messages:


Summary:
                 Error Count = 0      Warning Count = 0

Completed Successfully
----------------------------------------------------------------------------
PLD Optimizer Software:       DSGNOPT.EXE    31/03/2000  [v4.02 ] 6.3 IR 35

OPTIMIZATION OPTIONS       (05:59:21)

Messages:
  Information: Optimizing Banked Preset/Reset requirements.


Summary:
                 Error Count = 0      Warning Count = 0

Completed Successfully  
----------------------------------------------------------------------------
PLD Compiler Software:        PLA2JED.EXE    31/03/2000  [v4.02 ] 6.3 IR 35

<CYPRESSTAG name="Equations" icon=FILE_RPT_EQUATION>
DESIGN EQUATIONS           (05:59:21)
</CYPRESSTAG>

    /display(0).D =
          display(0).Q * display(1).Q * display(2).Q * display(3).Q * 
          /display(4).Q * /display(5).Q * display(6).Q * en 
        + /display(0).Q * /display(1).Q * display(2).Q * display(3).Q * 
          /display(4).Q * /display(5).Q * display(6).Q 
        + /display(0).Q * /display(1).Q * display(2).Q * /display(3).Q * 
          /display(4).Q * display(5).Q * /display(6).Q 
        + /display(0).Q * display(1).Q * /display(2).Q * /display(3).Q * 
          display(4).Q * /display(5).Q * /display(6).Q 
        + /display(0).Q * display(1).Q * display(2).Q * /display(3).Q * 
          /display(4).Q * /display(5).Q * /display(6).Q 
        + /display(0).Q * /en 

    display(0).AR =
          clr 

    display(0).SP =
          GND

    display(0).C =
          clk 

    /display(1).D =
          /display(0).Q * display(1).Q * display(2).Q * /display(3).Q * 
          /display(4).Q * /display(5).Q * /display(6).Q * en 
        + /display(0).Q * /display(1).Q * display(2).Q * display(3).Q * 
          /display(4).Q * /display(5).Q * display(6).Q 
        + /display(0).Q * /display(1).Q * display(2).Q * /display(3).Q * 
          /display(4).Q * display(5).Q * /display(6).Q 
        + /display(1).Q * /en 

    display(1).AR =
          clr 

    display(1).SP =
          GND

    display(1).C =
          clk 

    /display(2).D =
          display(0).Q * display(1).Q * display(2).Q * display(3).Q * 
          /display(4).Q * /display(5).Q * display(6).Q * en 
        + /display(0).Q * /display(1).Q * display(2).Q * /display(3).Q * 
          /display(4).Q * display(5).Q * /display(6).Q * en 
        + /display(2).Q * /en 

    display(2).AR =
          clr 

    display(2).SP =
          GND

    display(2).C =
          clk 

    /display(3).D =
          display(0).Q * display(1).Q * display(2).Q * display(3).Q * 
          /display(4).Q * /display(5).Q * display(6).Q * en 
        + /display(0).Q * /display(1).Q * display(2).Q * display(3).Q * 
          /display(4).Q * /display(5).Q * display(6).Q * en 
        + /display(0).Q * /display(1).Q * display(2).Q * /display(3).Q * 
          /display(4).Q * display(5).Q * /display(6).Q 
        + /display(0).Q * display(1).Q * /display(2).Q * /display(3).Q * 
          display(4).Q * /display(5).Q * /display(6).Q 
        + /display(3).Q * /en 

    display(3).AR =
          clr 

    display(3).SP =
          GND

    display(3).C =
          clk 

    display(4).D =
          display(0).Q * display(1).Q * display(2).Q * display(3).Q * 
          /display(4).Q * /display(5).Q * display(6).Q * en 
        + display(4).Q * /en 

    display(4).AR =
          clr 

    display(4).SP =
          GND

    display(4).C =
          clk 

    display(5).D =
          /display(0).Q * /display(1).Q * display(2).Q * display(3).Q * 
          /display(4).Q * /display(5).Q * display(6).Q * en 
        + /display(0).Q * /display(1).Q * display(2).Q * /display(3).Q * 
          /display(4).Q * display(5).Q * /display(6).Q 
        + display(5).Q * /en 

    display(5).AR =
          clr 

    display(5).SP =
          GND

    display(5).C =
          clk 

    /display(6).D =
          /display(0).Q * /display(1).Q * display(2).Q * display(3).Q * 
          /display(4).Q * /display(5).Q * display(6).Q * en 
        + display(0).Q * display(1).Q * display(2).Q * display(3).Q * 
          /display(4).Q * /display(5).Q * display(6).Q * en 
        + /display(0).Q * /display(1).Q * display(2).Q * /display(3).Q * 
          /display(4).Q * display(5).Q * /display(6).Q 
        + /display(0).Q * display(1).Q * /display(2).Q * /display(3).Q * 
          display(4).Q * /display(5).Q * /display(6).Q 
        + /display(6).Q * /en 

    display(6).AR =
          clr 

    display(6).SP =
          GND

    display(6).C =
          clk 


Completed Successfully  
----------------------------------------------------------------------------
PLD Compiler Software:        PLA2JED.EXE    31/03/2000  [v4.02 ] 6.3 IR 35

DESIGN RULE CHECK          (05:59:21)

Messages:
                 None.


Summary:
                 Error Count = 0      Warning Count = 0

Completed Successfully  
----------------------------------------------------------------------------
PLD Compiler Software:        PLA2JED.EXE    31/03/2000  [v4.02 ] 6.3 IR 35

<CYPRESSTAG name="Pinout" icon=FILE_RPT_PINOUT>
PINOUT INFORMATION   (05:59:21)
</CYPRESSTAG>
Messages:
  Information: All signals pre-placed in user design.


                                 C22V10
                 __________________________________________
            clk =| 1|                                  |24|* not used       
             en =| 2|                                  |23|* not used       
       not used *| 3|                                  |22|* not used       
       not used *| 4|                                  |21|= display(6)     
       not used *| 5|                                  |20|= display(5)     
       not used *| 6|                                  |19|= display(4)     
       not used *| 7|                                  |18|= display(3)     
       not used *| 8|                                  |17|= display(2)     
       not used *| 9|                                  |16|= display(1)     
       not used *|10|                                  |15|= display(0)     
       not used *|11|                                  |14|* not used       
       not used *|12|                                  |13|= clr            
                 __________________________________________


Summary:
                 Error Count = 0      Warning Count = 0

Completed Successfully  
  Information: Checking for duplicate NODE logic.
----------------------------------------------------------------------------
PLD Compiler Software:        PLA2JED.EXE    31/03/2000  [v4.02 ] 6.3 IR 35

<CYPRESSTAG name="Utilization" icon=FILE_RPT_UTILIZATION>
RESOURCE UTILIZATION (05:59:21)
</CYPRESSTAG>
  Information: Macrocell Utilization.

                     Description        Used     Max
                 ______________________________________
                 | Dedicated Inputs   |    2  |   11  |
                 | Clock/Inputs       |    1  |    1  |
                 | I/O Macrocells     |    7  |   10  |
                 ______________________________________
                                          10  /   22   = 45  %


  Information: Output Logic Product Term Utilization.

                  Node#  Output Signal Name  Used   Max
                 ________________________________________
                 | 14  |  Unused          |   0  |   8  |
                 | 15  |  display(0)      |   6  |  10  |
                 | 16  |  display(1)      |   4  |  12  |
                 | 17  |  display(2)      |   3  |  14  |
                 | 18  |  display(3)      |   5  |  16  |
                 | 19  |  display(4)      |   2  |  16  |
                 | 20  |  display(5)      |   3  |  14  |
                 | 21  |  display(6)      |   5  |  12  |
                 | 22  |  Unused          |   0  |  10  |
                 | 23  |  Unused          |   0  |   8  |
                 | 25  |  Unused          |   0  |   1  |
                 ________________________________________
                                             28  / 121   = 23  %


Completed Successfully  
----------------------------------------------------------------------------
PLD Compiler Software:        PLA2JED.EXE    31/03/2000  [v4.02 ] 6.3 IR 35

JEDEC ASSEMBLE             (05:59:21)

Messages:
  Information: Output file 'contador1.pin' created.
  Information: Output file 'contador1.jed' created.

  Usercode:    
  Checksum:    A73E



Summary:
                 Error Count = 0      Warning Count = 0

Completed Successfully at 05:59:21
