Design: 6:58 PM, Saturday, February 24, 2018
Design: Opening design "C:\Documents and Settings\KarlaPaola\My Documents\PRACTICA1\vhd\FFL\FFL.adf"
ELBREAD: Elaboration process.
ELBREAD: Elaboration time 0.0 [s].
Compilation with file reorder...
File: C:\Documents and Settings\KarlaPaola\My Documents\PRACTICA1\vhd\FFL.vhd
Compile Entity "ffl"
Compile Architecture "DSMB" of Entity "ffl"
Top-Level unit detected
Entity  =>   ffl
Compile success 0 Errors 0 Warnings  Analysis time :  0.1 [s]
ELBREAD: Elaboration process.
ELBREAD: Elaboration time 0.0 [s].
ELBREAD: Elaboration process.
ELBREAD: Elaboration time 0.0 [s].
KERNEL: Main thread initiated.
KERNEL: Kernel process initialization phase.
ELAB2: Elaboration final pass...
ELAB2: Elaboration final pass complete - time: 0.0 [s].
KERNEL: Kernel process initialization done.
6:59 PM, Saturday, February 24, 2018
Simulation has been initialized
Selected Top-Level: ffl (DSMB)
KERNEL: stopped at time: 2 ms
Warning: Active-HDL(tm) Sim has reached  the maximum simulation time (2ms) allowed in any single simulation run.  The effective length of the simulation may be extended by running multiple simulations in increments of 2ms.  To upgrade your software to handle simulations greater than this time as well as VHDL source level simulation contact Aldec - sales@aldec.com
Warning: Active-HDL(tm) Sim has reached  the maximum simulation time (2ms) allowed in any single simulation run.  The effective length of the simulation may be extended by running multiple simulations in increments of 2ms.  To upgrade your software to handle simulations greater than this time as well as VHDL source level simulation contact Aldec - sales@aldec.com
ELBREAD: Elaboration process.
ELBREAD: Elaboration time 0.0 [s].
KERNEL: Main thread initiated.
KERNEL: Kernel process initialization phase.
ELAB2: Elaboration final pass...
ELAB2: Elaboration final pass complete - time: 0.0 [s].
KERNEL: Kernel process initialization done.
7:00 PM, Saturday, February 24, 2018
Simulation has been initialized
Selected Top-Level: ffl (DSMB)
KERNEL: stopped at time: 2 ms
Warning: Active-HDL(tm) Sim has reached  the maximum simulation time (2ms) allowed in any single simulation run.  The effective length of the simulation may be extended by running multiple simulations in increments of 2ms.  To upgrade your software to handle simulations greater than this time as well as VHDL source level simulation contact Aldec - sales@aldec.com
ELBREAD: Elaboration process.
ELBREAD: Elaboration time 0.0 [s].
KERNEL: Main thread initiated.
KERNEL: Kernel process initialization phase.
ELAB2: Elaboration final pass...
ELAB2: Elaboration final pass complete - time: 0.0 [s].
KERNEL: Kernel process initialization done.
7:00 PM, Saturday, February 24, 2018
Simulation has been initialized
Selected Top-Level: ffl (DSMB)
KERNEL: stopped at time: 2 ms
Warning: Active-HDL(tm) Sim has reached  the maximum simulation time (2ms) allowed in any single simulation run.  The effective length of the simulation may be extended by running multiple simulations in increments of 2ms.  To upgrade your software to handle simulations greater than this time as well as VHDL source level simulation contact Aldec - sales@aldec.com
ELBREAD: Elaboration process.
ELBREAD: Elaboration time 0.0 [s].
KERNEL: Main thread initiated.
KERNEL: Kernel process initialization phase.
ELAB2: Elaboration final pass...
ELAB2: Elaboration final pass complete - time: 0.0 [s].
KERNEL: Kernel process initialization done.
7:01 PM, Saturday, February 24, 2018
Simulation has been initialized
Selected Top-Level: ffl (DSMB)
KERNEL: stopped at time: 2 ms
Warning: Active-HDL(tm) Sim has reached  the maximum simulation time (2ms) allowed in any single simulation run.  The effective length of the simulation may be extended by running multiple simulations in increments of 2ms.  To upgrade your software to handle simulations greater than this time as well as VHDL source level simulation contact Aldec - sales@aldec.com
ELBREAD: Elaboration process.
ELBREAD: Elaboration time 0.0 [s].
KERNEL: Main thread initiated.
KERNEL: Kernel process initialization phase.
ELAB2: Elaboration final pass...
ELAB2: Elaboration final pass complete - time: 0.0 [s].
KERNEL: Kernel process initialization done.
7:02 PM, Saturday, February 24, 2018
Simulation has been initialized
Selected Top-Level: ffl (DSMB)
KERNEL: stopped at time: 2 ms
Warning: Active-HDL(tm) Sim has reached  the maximum simulation time (2ms) allowed in any single simulation run.  The effective length of the simulation may be extended by running multiple simulations in increments of 2ms.  To upgrade your software to handle simulations greater than this time as well as VHDL source level simulation contact Aldec - sales@aldec.com
ELBREAD: Elaboration process.
ELBREAD: Elaboration time 0.0 [s].
KERNEL: Main thread initiated.
KERNEL: Kernel process initialization phase.
ELAB2: Elaboration final pass...
ELAB2: Elaboration final pass complete - time: 0.0 [s].
KERNEL: Kernel process initialization done.
7:02 PM, Saturday, February 24, 2018
Simulation has been initialized
Selected Top-Level: ffl (DSMB)
KERNEL: stopped at time: 2 ms
Warning: Active-HDL(tm) Sim has reached  the maximum simulation time (2ms) allowed in any single simulation run.  The effective length of the simulation may be extended by running multiple simulations in increments of 2ms.  To upgrade your software to handle simulations greater than this time as well as VHDL source level simulation contact Aldec - sales@aldec.com
ELBREAD: Elaboration process.
ELBREAD: Elaboration time 0.0 [s].
KERNEL: Main thread initiated.
KERNEL: Kernel process initialization phase.
ELAB2: Elaboration final pass...
ELAB2: Elaboration final pass complete - time: 0.0 [s].
KERNEL: Kernel process initialization done.
7:02 PM, Saturday, February 24, 2018
Simulation has been initialized
Selected Top-Level: ffl (DSMB)
KERNEL: stopped at time: 2 ms
Warning: Active-HDL(tm) Sim has reached  the maximum simulation time (2ms) allowed in any single simulation run.  The effective length of the simulation may be extended by running multiple simulations in increments of 2ms.  To upgrade your software to handle simulations greater than this time as well as VHDL source level simulation contact Aldec - sales@aldec.com
ELBREAD: Elaboration process.
ELBREAD: Elaboration time 0.0 [s].
KERNEL: Main thread initiated.
KERNEL: Kernel process initialization phase.
ELAB2: Elaboration final pass...
ELAB2: Elaboration final pass complete - time: 0.0 [s].
KERNEL: Kernel process initialization done.
7:03 PM, Saturday, February 24, 2018
Simulation has been initialized
Selected Top-Level: ffl (DSMB)
KERNEL: stopped at time: 2 ms
Warning: Active-HDL(tm) Sim has reached  the maximum simulation time (2ms) allowed in any single simulation run.  The effective length of the simulation may be extended by running multiple simulations in increments of 2ms.  To upgrade your software to handle simulations greater than this time as well as VHDL source level simulation contact Aldec - sales@aldec.com
ELBREAD: Elaboration process.
ELBREAD: Elaboration time 0.0 [s].
KERNEL: Main thread initiated.
KERNEL: Kernel process initialization phase.
ELAB2: Elaboration final pass...
ELAB2: Elaboration final pass complete - time: 0.0 [s].
KERNEL: Kernel process initialization done.
7:03 PM, Saturday, February 24, 2018
Simulation has been initialized
Selected Top-Level: ffl (DSMB)
KERNEL: stopped at time: 2 ms
Warning: Active-HDL(tm) Sim has reached  the maximum simulation time (2ms) allowed in any single simulation run.  The effective length of the simulation may be extended by running multiple simulations in increments of 2ms.  To upgrade your software to handle simulations greater than this time as well as VHDL source level simulation contact Aldec - sales@aldec.com
ELBREAD: Elaboration process.
ELBREAD: Elaboration time 0.0 [s].
KERNEL: Main thread initiated.
KERNEL: Kernel process initialization phase.
ELAB2: Elaboration final pass...
ELAB2: Elaboration final pass complete - time: 0.0 [s].
KERNEL: Kernel process initialization done.
7:03 PM, Saturday, February 24, 2018
Simulation has been initialized
Selected Top-Level: ffl (DSMB)
KERNEL: stopped at time: 2 ms
Warning: Active-HDL(tm) Sim has reached  the maximum simulation time (2ms) allowed in any single simulation run.  The effective length of the simulation may be extended by running multiple simulations in increments of 2ms.  To upgrade your software to handle simulations greater than this time as well as VHDL source level simulation contact Aldec - sales@aldec.com
Warning: Active-HDL(tm) Sim has reached  the maximum simulation time (2ms) allowed in any single simulation run.  The effective length of the simulation may be extended by running multiple simulations in increments of 2ms.  To upgrade your software to handle simulations greater than this time as well as VHDL source level simulation contact Aldec - sales@aldec.com
ELBREAD: Elaboration process.
ELBREAD: Elaboration time 0.0 [s].
KERNEL: Main thread initiated.
KERNEL: Kernel process initialization phase.
ELAB2: Elaboration final pass...
ELAB2: Elaboration final pass complete - time: 0.0 [s].
KERNEL: Kernel process initialization done.
7:04 PM, Saturday, February 24, 2018
Simulation has been initialized
Selected Top-Level: ffl (DSMB)
KERNEL: stopped at time: 2 ms
Warning: Active-HDL(tm) Sim has reached  the maximum simulation time (2ms) allowed in any single simulation run.  The effective length of the simulation may be extended by running multiple simulations in increments of 2ms.  To upgrade your software to handle simulations greater than this time as well as VHDL source level simulation contact Aldec - sales@aldec.com
ELBREAD: Elaboration process.
ELBREAD: Elaboration time 0.0 [s].
KERNEL: Main thread initiated.
KERNEL: Kernel process initialization phase.
ELAB2: Elaboration final pass...
ELAB2: Elaboration final pass complete - time: 0.0 [s].
KERNEL: Kernel process initialization done.
7:04 PM, Saturday, February 24, 2018
Simulation has been initialized
Selected Top-Level: ffl (DSMB)
KERNEL: stopped at time: 2 ms
Warning: Active-HDL(tm) Sim has reached  the maximum simulation time (2ms) allowed in any single simulation run.  The effective length of the simulation may be extended by running multiple simulations in increments of 2ms.  To upgrade your software to handle simulations greater than this time as well as VHDL source level simulation contact Aldec - sales@aldec.com
Simulation has been stopped
