
     | | | | | | |
   _________________
  -|               |-
  -|               |-
  -|               |-
  -|    CYPRESS    |-
  -|               |-
  -|               |-   Warp VHDL Synthesis Compiler: Version 6.3 IR 35
  -|               |-   Copyright (C) 1991-2001 Cypress Semiconductor
   |_______________|
     | | | | | | |

======================================================================
Compiling:  ALARMAS.vhd
Options:    -m -yu -e10 -w100 -o2 -ygs -fP -v10 -dc22v10 -ppalce22v10-25pc/pi -b ALARMAS.vhd -u ALARMAS.hie
======================================================================

vhdlfe V6.3 IR 35:  VHDL parser
Wed Feb 14 19:42:58 2018

Library 'work' => directory 'lc22v10'
Linking 'C:\Archivos de programa\Cypress\Warp\bin\std.vhd'.
Linking 'C:\Archivos de programa\Cypress\Warp\lib\common\cypress.vhd'.
Linking 'C:\Archivos de programa\Cypress\Warp\lib\common\work\cypress.vif'.
Library 'ieee' => directory 'C:\Archivos de programa\Cypress\Warp\lib\ieee\work'
Linking 'C:\Archivos de programa\Cypress\Warp\lib\ieee\work\stdlogic.vif'.

vhdlfe:  No errors.


tovif V6.3 IR 35:  High-level synthesis
Wed Feb 14 19:42:59 2018

Linking 'C:\Archivos de programa\Cypress\Warp\bin\std.vhd'.
Linking 'C:\Archivos de programa\Cypress\Warp\lib\common\cypress.vhd'.
Linking 'C:\Archivos de programa\Cypress\Warp\lib\common\work\cypress.vif'.
Linking 'C:\Archivos de programa\Cypress\Warp\lib\ieee\work\stdlogic.vif'.

tovif:  No errors.


topld V6.3 IR 35:  Synthesis and optimization
Wed Feb 14 19:42:59 2018

Linking 'C:\Archivos de programa\Cypress\Warp\bin\std.vhd'.
Linking 'C:\Archivos de programa\Cypress\Warp\lib\common\cypress.vhd'.
Linking 'C:\Archivos de programa\Cypress\Warp\lib\common\work\cypress.vif'.
Linking 'C:\Archivos de programa\Cypress\Warp\lib\ieee\work\stdlogic.vif'.

----------------------------------------------------------
Detecting unused logic.
----------------------------------------------------------



------------------------------------------------------
Alias Detection
------------------------------------------------------

------------------------------------------------------
Aliased 0 equations, 8 wires.
------------------------------------------------------

----------------------------------------------------------
Circuit simplification
----------------------------------------------------------

----------------------------------------------------------
Circuit simplification results:

	Expanded 14 signals.
	Turned 0 signals into soft nodes.
	Maximum default expansion cost was set at 10.
----------------------------------------------------------

------------------------------------------------------
Alias Detection
------------------------------------------------------

------------------------------------------------------
Aliased 0 equations, 0 wires.
------------------------------------------------------
Created 38 PLD nodes.

topld:  No errors.

----------------------------------------------------------------------------
PLD Optimizer Software:       DSGNOPT.EXE    31/03/2000  [v4.02 ] 6.3 IR 35

DESIGN HEADER INFORMATION  (19:43:00)

Input File(s): ALARMAS.pla
Device       : C22V10
Package      : palce22v10-25pc/pi
ReportFile   : ALARMAS.rpt

Program Controls:
    COMMAND LANGUAGE_VHDL 
    COMMAND PROPERTY BUS_HOLD ENABLE 

Signal Requests:
    GROUP USEPOL ALL
    GROUP FAST_SLEW ALL

Completed Successfully  
----------------------------------------------------------------------------
PLD Optimizer Software:       DSGNOPT.EXE    31/03/2000  [v4.02 ] 6.3 IR 35

OPTIMIZATION OPTIONS       (19:43:00)

Messages:
  Information: Optimizing logic using best output polarity for signals:
         display(2)

  Information: Selected logic optimization OFF for signals:
         display(0) display(1) display(3) display(4) display(5) display(6)



Summary:
                 Error Count = 0      Warning Count = 0

Completed Successfully  
----------------------------------------------------------------------------
PLD Optimizer Software:       MINOPT.EXE     01/NOV/1999  [v4.02 ] 6.3 IR 35

LOGIC MINIMIZATION         ()

Messages:


Summary:
                 Error Count = 0      Warning Count = 0

Completed Successfully
----------------------------------------------------------------------------
PLD Optimizer Software:       DSGNOPT.EXE    31/03/2000  [v4.02 ] 6.3 IR 35

OPTIMIZATION OPTIONS       (19:43:00)

Messages:
  Information: Optimizing Banked Preset/Reset requirements.


Summary:
                 Error Count = 0      Warning Count = 0

Completed Successfully  
----------------------------------------------------------------------------
PLD Compiler Software:        PLA2JED.EXE    31/03/2000  [v4.02 ] 6.3 IR 35

<CYPRESSTAG name="Equations" icon=FILE_RPT_EQUATION>
DESIGN EQUATIONS           (19:43:00)
</CYPRESSTAG>

    display(0) =
          VCC

    display(1) =
          display(2) 

    display(2) =
          /b(0) * ref(0) * sel 
        + /b(1) * ref(1) * sel 
        + /b(2) * ref(2) * sel 
        + b(0) * /ref(0) * sel 
        + b(1) * /ref(1) * sel 
        + b(2) * /ref(2) * sel 
        + /a(0) * ref(0) * /sel 
        + /a(1) * ref(1) * /sel 
        + /a(2) * ref(2) * /sel 
        + a(0) * /ref(0) * /sel 
        + a(1) * /ref(1) * /sel 
        + a(2) * /ref(2) * /sel 

    display(3) =
          GND

    display(4) =
          VCC

    display(5) =
          VCC

    display(6) =
          GND


Completed Successfully  
----------------------------------------------------------------------------
PLD Compiler Software:        PLA2JED.EXE    31/03/2000  [v4.02 ] 6.3 IR 35

DESIGN RULE CHECK          (19:43:00)

Messages:
                 None.


Summary:
                 Error Count = 0      Warning Count = 0

Completed Successfully  
----------------------------------------------------------------------------
PLD Compiler Software:        PLA2JED.EXE    31/03/2000  [v4.02 ] 6.3 IR 35

<CYPRESSTAG name="Pinout" icon=FILE_RPT_PINOUT>
PINOUT INFORMATION   (19:43:00)
</CYPRESSTAG>
Messages:
  Information: All signals pre-placed in user design.


                                 C22V10
                 __________________________________________
       not used *| 1|                                  |24|* not used       
           a(2) =| 2|                                  |23|* not used       
           a(1) =| 3|                                  |22|* not used       
           a(0) =| 4|                                  |21|= display(6)     
           b(2) =| 5|                                  |20|= display(5)     
           b(1) =| 6|                                  |19|= display(4)     
           b(0) =| 7|                                  |18|= display(3)     
         ref(2) =| 8|                                  |17|= display(2)     
         ref(1) =| 9|                                  |16|= display(1)     
         ref(0) =|10|                                  |15|= display(0)     
            sel =|11|                                  |14|* not used       
       not used *|12|                                  |13|* not used       
                 __________________________________________


Summary:
                 Error Count = 0      Warning Count = 0

Completed Successfully  
  Information: Checking for duplicate NODE logic.
----------------------------------------------------------------------------
PLD Compiler Software:        PLA2JED.EXE    31/03/2000  [v4.02 ] 6.3 IR 35

<CYPRESSTAG name="Utilization" icon=FILE_RPT_UTILIZATION>
RESOURCE UTILIZATION (19:43:00)
</CYPRESSTAG>
  Information: Macrocell Utilization.

                     Description        Used     Max
                 ______________________________________
                 | Dedicated Inputs   |   10  |   11  |
                 | Clock/Inputs       |    0  |    1  |
                 | I/O Macrocells     |    7  |   10  |
                 ______________________________________
                                          17  /   22   = 77  %


  Information: Output Logic Product Term Utilization.

                  Node#  Output Signal Name  Used   Max
                 ________________________________________
                 | 14  |  Unused          |   0  |   8  |
                 | 15  |  display(0)      |   1  |  10  |
                 | 16  |  display(1)      |   1  |  12  |
                 | 17  |  display(2)      |  12  |  14  |
                 | 18  |  display(3)      |   1  |  16  |
                 | 19  |  display(4)      |   1  |  16  |
                 | 20  |  display(5)      |   1  |  14  |
                 | 21  |  display(6)      |   1  |  12  |
                 | 22  |  Unused          |   0  |  10  |
                 | 23  |  Unused          |   0  |   8  |
                 | 25  |  Unused          |   0  |   1  |
                 ________________________________________
                                             18  / 121   = 14  %


Completed Successfully  
----------------------------------------------------------------------------
PLD Compiler Software:        PLA2JED.EXE    31/03/2000  [v4.02 ] 6.3 IR 35

JEDEC ASSEMBLE             (19:43:00)

Messages:
  Information: Output file 'ALARMAS.pin' created.
  Information: Output file 'ALARMAS.jed' created.

  Usercode:    
  Checksum:    7E86



Summary:
                 Error Count = 0      Warning Count = 0

Completed Successfully at 19:43:00
