Running: C:\Xilinx\14.7\ISE_DS\ISE\bin\nt64\unwrapped\fuse.exe -intstyle ise -incremental -lib secureip -o C:/Users/marco/Documents/ESCOM/QUINTO SEMESTRE/ARQUITECTURA DE COMPUTADORAS/BARRELS/TB_BARRELS_isim_beh.exe -prj C:/Users/marco/Documents/ESCOM/QUINTO SEMESTRE/ARQUITECTURA DE COMPUTADORAS/BARRELS/TB_BARRELS_beh.prj work.TB_BARRELS 
ISim P.20131013 (signature 0x7708f090)
Number of CPUs detected in this system: 4
Turning on mult-threading, number of parallel sub-compilation jobs: 8 
Determining compilation order of HDL files
Parsing VHDL file "C:/Users/marco/Documents/ESCOM/QUINTO SEMESTRE/ARQUITECTURA DE COMPUTADORAS/BARRELS/BARRELS.vhd" into library work
Parsing VHDL file "C:/Users/marco/Documents/ESCOM/QUINTO SEMESTRE/ARQUITECTURA DE COMPUTADORAS/BARRELS/TB_BARRELS.vhd" into library work
Starting static elaboration
Completed static elaboration
Compiling package standard
Compiling package std_logic_1164
Compiling package std_logic_arith
Compiling package std_logic_unsigned
Compiling package numeric_std
Compiling architecture behavioral of entity BARRELS [\BARRELS(8,3)\]
Compiling architecture behavior of entity tb_barrels
Time Resolution for simulation is 1ps.
Waiting for 1 sub-compilation(s) to finish...
Compiled 8 VHDL Units
Built simulation executable C:/Users/marco/Documents/ESCOM/QUINTO SEMESTRE/ARQUITECTURA DE COMPUTADORAS/BARRELS/TB_BARRELS_isim_beh.exe
Fuse Memory Usage: 36700 KB
Fuse CPU Usage: 1109 ms
