Release 14.7 - xst P.20131013 (nt64)
Copyright (c) 1995-2013 Xilinx, Inc.  All rights reserved.
--> Parameter TMPDIR set to xst/projnav.tmp


Total REAL time to Xst completion: 0.00 secs
Total CPU time to Xst completion: 0.16 secs
 
--> Parameter xsthdpdir set to xst


Total REAL time to Xst completion: 0.00 secs
Total CPU time to Xst completion: 0.17 secs
 
--> Reading design: PRINCIPAL.prj

TABLE OF CONTENTS
  1) Synthesis Options Summary
  2) HDL Parsing
  3) HDL Elaboration
  4) HDL Synthesis
       4.1) HDL Synthesis Report
  5) Advanced HDL Synthesis
       5.1) Advanced HDL Synthesis Report
  6) Low Level Synthesis
  7) Partition Report
  8) Design Summary
       8.1) Primitive and Black Box Usage
       8.2) Device utilization summary
       8.3) Partition Resource Summary
       8.4) Timing Report
            8.4.1) Clock Information
            8.4.2) Asynchronous Control Signals Information
            8.4.3) Timing Summary
            8.4.4) Timing Details
            8.4.5) Cross Clock Domains Report


=========================================================================
*                      Synthesis Options Summary                        *
=========================================================================
---- Source Parameters
Input File Name                    : "PRINCIPAL.prj"
Ignore Synthesis Constraint File   : NO

---- Target Parameters
Output File Name                   : "PRINCIPAL"
Output Format                      : NGC
Target Device                      : xc7a100t-2-csg324

---- Source Options
Top Module Name                    : PRINCIPAL
Automatic FSM Extraction           : YES
FSM Encoding Algorithm             : Auto
Safe Implementation                : No
FSM Style                          : LUT
RAM Extraction                     : Yes
RAM Style                          : Auto
ROM Extraction                     : Yes
Shift Register Extraction          : YES
ROM Style                          : Auto
Resource Sharing                   : YES
Asynchronous To Synchronous        : NO
Shift Register Minimum Size        : 2
Use DSP Block                      : Auto
Automatic Register Balancing       : No

---- Target Options
LUT Combining                      : Auto
Reduce Control Sets                : Auto
Add IO Buffers                     : YES
Global Maximum Fanout              : 100000
Add Generic Clock Buffer(BUFG)     : 32
Register Duplication               : YES
Optimize Instantiated Primitives   : NO
Use Clock Enable                   : Auto
Use Synchronous Set                : Auto
Use Synchronous Reset              : Auto
Pack IO Registers into IOBs        : Auto
Equivalent register Removal        : YES

---- General Options
Optimization Goal                  : Speed
Optimization Effort                : 1
Power Reduction                    : NO
Keep Hierarchy                     : No
Netlist Hierarchy                  : As_Optimized
RTL Output                         : Yes
Global Optimization                : AllClockNets
Read Cores                         : YES
Write Timing Constraints           : NO
Cross Clock Analysis               : NO
Hierarchy Separator                : /
Bus Delimiter                      : <>
Case Specifier                     : Maintain
Slice Utilization Ratio            : 100
BRAM Utilization Ratio             : 100
DSP48 Utilization Ratio            : 100
Auto BRAM Packing                  : NO
Slice Utilization Ratio Delta      : 5

=========================================================================


=========================================================================
*                          HDL Parsing                                  *
=========================================================================
Parsing VHDL file "C:\Users\Alvaro\Desktop\Escuela\Arquitectura\ASM\ASM\REGISTRO.vhd" into library work
Parsing entity <REGISTRO>.
Parsing architecture <PROGRAMA> of entity <registro>.
Parsing VHDL file "C:\Users\Alvaro\Desktop\Escuela\Arquitectura\ASM\ASM\MI_PAQUETE.vhd" into library work
Parsing package <MI_PAQUETE>.
Parsing package body <MI_PAQUETE>.
Parsing VHDL file "C:\Users\Alvaro\Desktop\Escuela\Arquitectura\ASM\ASM\CONVERTIDOR.vhd" into library work
Parsing entity <CONVERTIDOR>.
Parsing architecture <PROGRAMA> of entity <convertidor>.
Parsing VHDL file "C:\Users\Alvaro\Desktop\Escuela\Arquitectura\ASM\ASM\CONTROL.vhd" into library work
Parsing entity <CONTROL>.
Parsing architecture <UNIDAD> of entity <control>.
Parsing VHDL file "C:\Users\Alvaro\Desktop\Escuela\Arquitectura\ASM\ASM\CONTADOR.vhd" into library work
Parsing entity <CONTADOR>.
Parsing architecture <PROGRAMA> of entity <contador>.
Parsing VHDL file "C:\Users\Alvaro\Desktop\Escuela\Arquitectura\ASM\ASM\PRINCIPAL.vhd" into library work
Parsing entity <PRINCIPAL>.
Parsing architecture <PROGRAMA> of entity <principal>.

=========================================================================
*                            HDL Elaboration                            *
=========================================================================

Elaborating entity <PRINCIPAL> (architecture <PROGRAMA>) from library <work>.

Elaborating entity <CONTADOR> (architecture <PROGRAMA>) with generics from library <work>.

Elaborating entity <CONVERTIDOR> (architecture <PROGRAMA>) from library <work>.

Elaborating entity <CONTROL> (architecture <UNIDAD>) from library <work>.

Elaborating entity <REGISTRO> (architecture <PROGRAMA>) with generics from library <work>.

=========================================================================
*                           HDL Synthesis                               *
=========================================================================

Synthesizing Unit <PRINCIPAL>.
    Related source file is "C:\Users\Alvaro\Desktop\Escuela\Arquitectura\ASM\ASM\PRINCIPAL.vhd".
INFO:Xst:2774 - HDL ADVISOR - KEEP property attached to signal QA may hinder XST clustering optimizations.
    Summary:
	inferred   1 Multiplexer(s).
Unit <PRINCIPAL> synthesized.

Synthesizing Unit <CONTADOR>.
    Related source file is "C:\Users\Alvaro\Desktop\Escuela\Arquitectura\ASM\ASM\CONTADOR.vhd".
        N = 4
    Found 4-bit register for signal <Q>.
    Found 4-bit adder for signal <Q[3]_GND_7_o_add_0_OUT> created at line 24.
    Summary:
	inferred   1 Adder/Subtractor(s).
	inferred   4 D-type flip-flop(s).
	inferred   1 Multiplexer(s).
Unit <CONTADOR> synthesized.

Synthesizing Unit <CONVERTIDOR>.
    Related source file is "C:\Users\Alvaro\Desktop\Escuela\Arquitectura\ASM\ASM\CONVERTIDOR.vhd".
    Found 16x7-bit Read Only RAM for signal <SEG>
    Summary:
	inferred   1 RAM(s).
Unit <CONVERTIDOR> synthesized.

Synthesizing Unit <CONTROL>.
    Related source file is "C:\Users\Alvaro\Desktop\Escuela\Arquitectura\ASM\ASM\CONTROL.vhd".
    Found 2-bit register for signal <EDO_ACT>.
    Found finite state machine <FSM_0> for signal <EDO_ACT>.
    -----------------------------------------------------------------------
    | States             | 3                                              |
    | Transitions        | 6                                              |
    | Inputs             | 2                                              |
    | Outputs            | 3                                              |
    | Clock              | CLK (rising_edge)                              |
    | Reset              | CLR (positive)                                 |
    | Reset type         | asynchronous                                   |
    | Reset State        | a                                              |
    | Power Up State     | a                                              |
    | Encoding           | auto                                           |
    | Implementation     | LUT                                            |
    -----------------------------------------------------------------------
    Summary:
	inferred   3 Multiplexer(s).
	inferred   1 Finite State Machine(s).
Unit <CONTROL> synthesized.

Synthesizing Unit <REGISTRO>.
    Related source file is "C:\Users\Alvaro\Desktop\Escuela\Arquitectura\ASM\ASM\REGISTRO.vhd".
        N = 8
    Found 8-bit register for signal <Q>.
    Summary:
	inferred   8 D-type flip-flop(s).
	inferred   1 Multiplexer(s).
Unit <REGISTRO> synthesized.

=========================================================================
HDL Synthesis Report

Macro Statistics
# RAMs                                                 : 1
 16x7-bit single-port Read Only RAM                    : 1
# Adders/Subtractors                                   : 1
 4-bit adder                                           : 1
# Registers                                            : 2
 4-bit register                                        : 1
 8-bit register                                        : 1
# Multiplexers                                         : 6
 1-bit 2-to-1 multiplexer                              : 3
 4-bit 2-to-1 multiplexer                              : 1
 7-bit 2-to-1 multiplexer                              : 1
 8-bit 2-to-1 multiplexer                              : 1
# FSMs                                                 : 1

=========================================================================

=========================================================================
*                       Advanced HDL Synthesis                          *
=========================================================================


Synthesizing (advanced) Unit <CONTADOR>.
The following registers are absorbed into counter <Q>: 1 register on signal <Q>.
Unit <CONTADOR> synthesized (advanced).

Synthesizing (advanced) Unit <CONVERTIDOR>.
INFO:Xst:3218 - HDL ADVISOR - The RAM <Mram_SEG> will be implemented on LUTs either because you have described an asynchronous read or because of currently unsupported block RAM features. If you have described an asynchronous read, making it synchronous would allow you to take advantage of available block RAM resources, for optimized device usage and improved timings. Please refer to your documentation for coding guidelines.
    -----------------------------------------------------------------------
    | ram_type           | Distributed                         |          |
    -----------------------------------------------------------------------
    | Port A                                                              |
    |     aspect ratio   | 16-word x 7-bit                     |          |
    |     weA            | connected to signal <GND>           | high     |
    |     addrA          | connected to signal <BCD>           |          |
    |     diA            | connected to signal <GND>           |          |
    |     doA            | connected to signal <SEG>           |          |
    -----------------------------------------------------------------------
Unit <CONVERTIDOR> synthesized (advanced).

=========================================================================
Advanced HDL Synthesis Report

Macro Statistics
# RAMs                                                 : 1
 16x7-bit single-port distributed Read Only RAM        : 1
# Counters                                             : 1
 4-bit up counter                                      : 1
# Registers                                            : 8
 Flip-Flops                                            : 8
# Multiplexers                                         : 12
 1-bit 2-to-1 multiplexer                              : 11
 7-bit 2-to-1 multiplexer                              : 1
# FSMs                                                 : 1

=========================================================================

=========================================================================
*                         Low Level Synthesis                           *
=========================================================================
Analyzing FSM <MFsm> for best encoding.
Optimizing FSM <FSM_0> on signal <EDO_ACT[1:2]> with gray encoding.
-------------------
 State | Encoding
-------------------
 a     | 00
 b     | 01
 c     | 11
-------------------

Optimizing unit <PRINCIPAL> ...

Optimizing unit <REGISTRO> ...

Mapping all equations...
Building and optimizing final netlist ...
Found area constraint ratio of 100 (+ 5) on block PRINCIPAL, actual ratio is 0.

Final Macro Processing ...

=========================================================================
Final Register Report

Macro Statistics
# Registers                                            : 14
 Flip-Flops                                            : 14

=========================================================================

=========================================================================
*                           Partition Report                            *
=========================================================================

Partition Implementation Status
-------------------------------

  No Partitions were found in this design.

-------------------------------

=========================================================================
*                            Design Summary                             *
=========================================================================

Top Level Output File Name         : PRINCIPAL.ngc

Primitive and Black Box Usage:
------------------------------
# BELS                             : 26
#      GND                         : 1
#      LUT2                        : 1
#      LUT3                        : 4
#      LUT4                        : 1
#      LUT5                        : 16
#      LUT6                        : 2
#      VCC                         : 1
# FlipFlops/Latches                : 14
#      FDC                         : 3
#      FDCE                        : 11
# Clock Buffers                    : 1
#      BUFGP                       : 1
# IO Buffers                       : 25
#      IBUF                        : 10
#      OBUF                        : 15

Device utilization summary:
---------------------------

Selected Device : 7a100tcsg324-2 


Slice Logic Utilization: 
 Number of Slice Registers:              14  out of  126800     0%  
 Number of Slice LUTs:                   24  out of  63400     0%  
    Number used as Logic:                24  out of  63400     0%  

Slice Logic Distribution: 
 Number of LUT Flip Flop pairs used:     24
   Number with an unused Flip Flop:      10  out of     24    41%  
   Number with an unused LUT:             0  out of     24     0%  
   Number of fully used LUT-FF pairs:    14  out of     24    58%  
   Number of unique control sets:         3

IO Utilization: 
 Number of IOs:                          26
 Number of bonded IOBs:                  26  out of    210    12%  

Specific Feature Utilization:
 Number of BUFG/BUFGCTRLs:                1  out of     32     3%  

---------------------------
Partition Resource Summary:
---------------------------

  No Partitions were found in this design.

---------------------------


=========================================================================
Timing Report

NOTE: THESE TIMING NUMBERS ARE ONLY A SYNTHESIS ESTIMATE.
      FOR ACCURATE TIMING INFORMATION PLEASE REFER TO THE TRACE REPORT
      GENERATED AFTER PLACE-and-ROUTE.

Clock Information:
------------------
-----------------------------------+------------------------+-------+
Clock Signal                       | Clock buffer(FF name)  | Load  |
-----------------------------------+------------------------+-------+
CLK                                | BUFGP                  | 14    |
-----------------------------------+------------------------+-------+

Asynchronous Control Signals Information:
----------------------------------------
No asynchronous control signals found in this design

Timing Summary:
---------------
Speed Grade: -2

   Minimum period: 1.778ns (Maximum Frequency: 562.303MHz)
   Minimum input arrival time before clock: 1.244ns
   Maximum output required time after clock: 1.723ns
   Maximum combinational path delay: No path found

Timing Details:
---------------
All values displayed in nanoseconds (ns)

=========================================================================
Timing constraint: Default period analysis for Clock 'CLK'
  Clock period: 1.778ns (frequency: 562.303MHz)
  Total number of paths / destination ports: 76 / 25
-------------------------------------------------------------------------
Delay:               1.778ns (Levels of Logic = 2)
  Source:            REG/Q_6 (FF)
  Destination:       CTRL/EDO_ACT_FSM_FFd1 (FF)
  Source Clock:      CLK rising
  Destination Clock: CLK rising

  Data Path: REG/Q_6 to CTRL/EDO_ACT_FSM_FFd1
                                Gate     Net
    Cell:in->out      fanout   Delay   Delay  Logical Name (Net Name)
    ----------------------------------------  ------------
     FDCE:C->Q             2   0.398   0.798  REG/Q_6 (REG/Q_6)
     LUT6:I0->O            1   0.105   0.357  CTRL/EDO_ACT_FSM_FFd1-In_SW0 (N0)
     LUT6:I5->O            1   0.105   0.000  CTRL/EDO_ACT_FSM_FFd1-In (CTRL/EDO_ACT_FSM_FFd1-In)
     FDC:D                     0.015          CTRL/EDO_ACT_FSM_FFd1
    ----------------------------------------
    Total                      1.778ns (0.623ns logic, 1.155ns route)
                                       (35.0% logic, 65.0% route)

=========================================================================
Timing constraint: Default OFFSET IN BEFORE for Clock 'CLK'
  Total number of paths / destination ports: 39 / 31
-------------------------------------------------------------------------
Offset:              1.244ns (Levels of Logic = 2)
  Source:            INI (PAD)
  Destination:       REG/Q_6 (FF)
  Destination Clock: CLK rising

  Data Path: INI to REG/Q_6
                                Gate     Net
    Cell:in->out      fanout   Delay   Delay  Logical Name (Net Name)
    ----------------------------------------  ------------
     IBUF:I->O            11   0.001   0.655  INI_IBUF (INI_IBUF)
     LUT3:I0->O            7   0.105   0.373  REG/_n0011_inv1 (REG/_n0011_inv)
     FDCE:CE                   0.110          REG/Q_0
    ----------------------------------------
    Total                      1.244ns (0.216ns logic, 1.028ns route)
                                       (17.4% logic, 82.6% route)

=========================================================================
Timing constraint: Default OFFSET OUT AFTER for Clock 'CLK'
  Total number of paths / destination ports: 35 / 7
-------------------------------------------------------------------------
Offset:              1.723ns (Levels of Logic = 2)
  Source:            CTRL/EDO_ACT_FSM_FFd1 (FF)
  Destination:       DISP<4> (PAD)
  Source Clock:      CLK rising

  Data Path: CTRL/EDO_ACT_FSM_FFd1 to DISP<4>
                                Gate     Net
    Cell:in->out      fanout   Delay   Delay  Logical Name (Net Name)
    ----------------------------------------  ------------
     FDC:C->Q             19   0.398   0.881  CTRL/EDO_ACT_FSM_FFd1 (CTRL/EDO_ACT_FSM_FFd1)
     LUT5:I0->O            1   0.105   0.339  Mmux_DISP51 (DISP_4_OBUF)
     OBUF:I->O                 0.000          DISP_4_OBUF (DISP<4>)
    ----------------------------------------
    Total                      1.723ns (0.503ns logic, 1.220ns route)
                                       (29.2% logic, 70.8% route)

=========================================================================

Cross Clock Domains Report:
--------------------------

Clock to Setup on destination clock CLK
---------------+---------+---------+---------+---------+
               | Src:Rise| Src:Fall| Src:Rise| Src:Fall|
Source Clock   |Dest:Rise|Dest:Rise|Dest:Fall|Dest:Fall|
---------------+---------+---------+---------+---------+
CLK            |    1.778|         |         |         |
---------------+---------+---------+---------+---------+

=========================================================================


Total REAL time to Xst completion: 45.00 secs
Total CPU time to Xst completion: 45.84 secs
 
--> 

Total memory usage is 387548 kilobytes

Number of errors   :    0 (   0 filtered)
Number of warnings :    0 (   0 filtered)
Number of infos    :    2 (   0 filtered)

