Release 14.7 - xst P.20131013 (nt64)
Copyright (c) 1995-2013 Xilinx, Inc.  All rights reserved.
--> Parameter TMPDIR set to xst/projnav.tmp


Total REAL time to Xst completion: 1.00 secs
Total CPU time to Xst completion: 0.61 secs
 
--> Parameter xsthdpdir set to xst


Total REAL time to Xst completion: 1.00 secs
Total CPU time to Xst completion: 0.62 secs
 
--> Reading design: CONT_DECO.prj

TABLE OF CONTENTS
  1) Synthesis Options Summary
  2) HDL Parsing
  3) HDL Elaboration
  4) HDL Synthesis
       4.1) HDL Synthesis Report
  5) Advanced HDL Synthesis
       5.1) Advanced HDL Synthesis Report
  6) Low Level Synthesis
  7) Partition Report
  8) Design Summary
       8.1) Primitive and Black Box Usage
       8.2) Device utilization summary
       8.3) Partition Resource Summary
       8.4) Timing Report
            8.4.1) Clock Information
            8.4.2) Asynchronous Control Signals Information
            8.4.3) Timing Summary
            8.4.4) Timing Details
            8.4.5) Cross Clock Domains Report


=========================================================================
*                      Synthesis Options Summary                        *
=========================================================================
---- Source Parameters
Input File Name                    : "CONT_DECO.prj"
Ignore Synthesis Constraint File   : NO

---- Target Parameters
Output File Name                   : "CONT_DECO"
Output Format                      : NGC
Target Device                      : xc7a100t-2-csg324

---- Source Options
Top Module Name                    : CONT_DECO
Automatic FSM Extraction           : YES
FSM Encoding Algorithm             : Auto
Safe Implementation                : No
FSM Style                          : LUT
RAM Extraction                     : Yes
RAM Style                          : Auto
ROM Extraction                     : Yes
Shift Register Extraction          : YES
ROM Style                          : Auto
Resource Sharing                   : YES
Asynchronous To Synchronous        : NO
Shift Register Minimum Size        : 2
Use DSP Block                      : Auto
Automatic Register Balancing       : No

---- Target Options
LUT Combining                      : Auto
Reduce Control Sets                : Auto
Add IO Buffers                     : YES
Global Maximum Fanout              : 100000
Add Generic Clock Buffer(BUFG)     : 32
Register Duplication               : YES
Optimize Instantiated Primitives   : NO
Use Clock Enable                   : Auto
Use Synchronous Set                : Auto
Use Synchronous Reset              : Auto
Pack IO Registers into IOBs        : Auto
Equivalent register Removal        : YES

---- General Options
Optimization Goal                  : Speed
Optimization Effort                : 1
Power Reduction                    : NO
Keep Hierarchy                     : No
Netlist Hierarchy                  : As_Optimized
RTL Output                         : Yes
Global Optimization                : AllClockNets
Read Cores                         : YES
Write Timing Constraints           : NO
Cross Clock Analysis               : NO
Hierarchy Separator                : /
Bus Delimiter                      : <>
Case Specifier                     : Maintain
Slice Utilization Ratio            : 100
BRAM Utilization Ratio             : 100
DSP48 Utilization Ratio            : 100
Auto BRAM Packing                  : NO
Slice Utilization Ratio Delta      : 5

=========================================================================


=========================================================================
*                          HDL Parsing                                  *
=========================================================================
Parsing VHDL file "C:\Users\marco\Documents\ESCOM\QUINTO SEMESTRE\ARQUITECTURA DE COMPUTADORAS\chipscoope\CONT_DECO.vhd" into library work
Parsing entity <CONT_DECO>.
Parsing architecture <PROGRAMA> of entity <cont_deco>.

=========================================================================
*                            HDL Elaboration                            *
=========================================================================

Elaborating entity <CONT_DECO> (architecture <PROGRAMA>) from library <work>.

=========================================================================
*                           HDL Synthesis                               *
=========================================================================

Synthesizing Unit <CONT_DECO>.
    Related source file is "C:\Users\marco\Documents\ESCOM\QUINTO SEMESTRE\ARQUITECTURA DE COMPUTADORAS\chipscoope\CONT_DECO.vhd".
    Found 4-bit register for signal <Q>.
    Found 4-bit adder for signal <Q[3]_GND_5_o_add_0_OUT> created at line 53.
    Found 4-bit comparator lessequal for signal <n0001> created at line 58
    Found 4-bit comparator lessequal for signal <n0003> created at line 59
    Found 4-bit comparator lessequal for signal <n0005> created at line 60
    Found 4-bit comparator lessequal for signal <n0007> created at line 61
    Found 4-bit comparator lessequal for signal <n0009> created at line 62
    Found 4-bit comparator lessequal for signal <n0011> created at line 63
    Found 4-bit comparator lessequal for signal <n0013> created at line 64
    Found 4-bit comparator lessequal for signal <n0015> created at line 65
    Found 4-bit comparator lessequal for signal <n0017> created at line 66
    Found 4-bit comparator lessequal for signal <n0019> created at line 67
    Found 4-bit comparator lessequal for signal <n0021> created at line 68
    Found 4-bit comparator lessequal for signal <n0023> created at line 69
    Found 4-bit comparator lessequal for signal <n0025> created at line 70
    Summary:
	inferred   1 Adder/Subtractor(s).
	inferred   4 D-type flip-flop(s).
	inferred  13 Comparator(s).
	inferred  12 Multiplexer(s).
Unit <CONT_DECO> synthesized.

=========================================================================
HDL Synthesis Report

Macro Statistics
# Adders/Subtractors                                   : 1
 4-bit adder                                           : 1
# Registers                                            : 1
 4-bit register                                        : 1
# Comparators                                          : 13
 4-bit comparator lessequal                            : 13
# Multiplexers                                         : 12
 7-bit 2-to-1 multiplexer                              : 12

=========================================================================

=========================================================================
*                       Advanced HDL Synthesis                          *
=========================================================================


Synthesizing (advanced) Unit <CONT_DECO>.
The following registers are absorbed into counter <Q>: 1 register on signal <Q>.
Unit <CONT_DECO> synthesized (advanced).

=========================================================================
Advanced HDL Synthesis Report

Macro Statistics
# Counters                                             : 1
 4-bit up counter                                      : 1
# Comparators                                          : 13
 4-bit comparator lessequal                            : 13
# Multiplexers                                         : 12
 7-bit 2-to-1 multiplexer                              : 12

=========================================================================

=========================================================================
*                         Low Level Synthesis                           *
=========================================================================

Optimizing unit <CONT_DECO> ...

Mapping all equations...
Building and optimizing final netlist ...
Found area constraint ratio of 100 (+ 5) on block CONT_DECO, actual ratio is 0.

Final Macro Processing ...

=========================================================================
Final Register Report

Macro Statistics
# Registers                                            : 4
 Flip-Flops                                            : 4

=========================================================================

=========================================================================
*                           Partition Report                            *
=========================================================================

Partition Implementation Status
-------------------------------

  No Partitions were found in this design.

-------------------------------

=========================================================================
*                            Design Summary                             *
=========================================================================

Top Level Output File Name         : CONT_DECO.ngc

Primitive and Black Box Usage:
------------------------------
# BELS                             : 11
#      INV                         : 1
#      LUT2                        : 1
#      LUT3                        : 1
#      LUT4                        : 8
# FlipFlops/Latches                : 4
#      FDC                         : 4
# Clock Buffers                    : 1
#      BUFGP                       : 1
# IO Buffers                       : 8
#      IBUF                        : 1
#      OBUF                        : 7

Device utilization summary:
---------------------------

Selected Device : 7a100tcsg324-2 


Slice Logic Utilization: 
 Number of Slice Registers:               4  out of  126800     0%  
 Number of Slice LUTs:                   11  out of  63400     0%  
    Number used as Logic:                11  out of  63400     0%  

Slice Logic Distribution: 
 Number of LUT Flip Flop pairs used:     11
   Number with an unused Flip Flop:       7  out of     11    63%  
   Number with an unused LUT:             0  out of     11     0%  
   Number of fully used LUT-FF pairs:     4  out of     11    36%  
   Number of unique control sets:         1

IO Utilization: 
 Number of IOs:                           9
 Number of bonded IOBs:                   9  out of    210     4%  

Specific Feature Utilization:
 Number of BUFG/BUFGCTRLs:                1  out of     32     3%  

---------------------------
Partition Resource Summary:
---------------------------

  No Partitions were found in this design.

---------------------------


=========================================================================
Timing Report

NOTE: THESE TIMING NUMBERS ARE ONLY A SYNTHESIS ESTIMATE.
      FOR ACCURATE TIMING INFORMATION PLEASE REFER TO THE TRACE REPORT
      GENERATED AFTER PLACE-and-ROUTE.

Clock Information:
------------------
-----------------------------------+------------------------+-------+
Clock Signal                       | Clock buffer(FF name)  | Load  |
-----------------------------------+------------------------+-------+
CLK                                | BUFGP                  | 4     |
-----------------------------------+------------------------+-------+

Asynchronous Control Signals Information:
----------------------------------------
No asynchronous control signals found in this design

Timing Summary:
---------------
Speed Grade: -2

   Minimum period: 1.270ns (Maximum Frequency: 787.154MHz)
   Minimum input arrival time before clock: 0.754ns
   Maximum output required time after clock: 1.547ns
   Maximum combinational path delay: No path found

Timing Details:
---------------
All values displayed in nanoseconds (ns)

=========================================================================
Timing constraint: Default period analysis for Clock 'CLK'
  Clock period: 1.270ns (frequency: 787.154MHz)
  Total number of paths / destination ports: 10 / 4
-------------------------------------------------------------------------
Delay:               1.270ns (Levels of Logic = 1)
  Source:            Q_0 (FF)
  Destination:       Q_0 (FF)
  Source Clock:      CLK rising
  Destination Clock: CLK rising

  Data Path: Q_0 to Q_0
                                Gate     Net
    Cell:in->out      fanout   Delay   Delay  Logical Name (Net Name)
    ----------------------------------------  ------------
     FDC:C->Q             11   0.398   0.395  Q_0 (Q_0)
     INV:I->O              1   0.123   0.339  Mcount_Q_xor<0>11_INV_0 (Result<0>)
     FDC:D                     0.015          Q_0
    ----------------------------------------
    Total                      1.270ns (0.536ns logic, 0.734ns route)
                                       (42.2% logic, 57.8% route)

=========================================================================
Timing constraint: Default OFFSET IN BEFORE for Clock 'CLK'
  Total number of paths / destination ports: 4 / 4
-------------------------------------------------------------------------
Offset:              0.754ns (Levels of Logic = 1)
  Source:            CLR (PAD)
  Destination:       Q_0 (FF)
  Destination Clock: CLK rising

  Data Path: CLR to Q_0
                                Gate     Net
    Cell:in->out      fanout   Delay   Delay  Logical Name (Net Name)
    ----------------------------------------  ------------
     IBUF:I->O             4   0.001   0.356  CLR_IBUF (CLR_IBUF)
     FDC:CLR                   0.397          Q_0
    ----------------------------------------
    Total                      0.754ns (0.398ns logic, 0.356ns route)
                                       (52.8% logic, 47.2% route)

=========================================================================
Timing constraint: Default OFFSET OUT AFTER for Clock 'CLK'
  Total number of paths / destination ports: 28 / 7
-------------------------------------------------------------------------
Offset:              1.547ns (Levels of Logic = 2)
  Source:            Q_0 (FF)
  Destination:       DISPLAY<4> (PAD)
  Source Clock:      CLK rising

  Data Path: Q_0 to DISPLAY<4>
                                Gate     Net
    Cell:in->out      fanout   Delay   Delay  Logical Name (Net Name)
    ----------------------------------------  ------------
     FDC:C->Q             11   0.398   0.705  Q_0 (Q_0)
     LUT4:I0->O            1   0.105   0.339  Mmux_DISPLAY51 (DISPLAY_4_OBUF)
     OBUF:I->O                 0.000          DISPLAY_4_OBUF (DISPLAY<4>)
    ----------------------------------------
    Total                      1.547ns (0.503ns logic, 1.044ns route)
                                       (32.5% logic, 67.5% route)

=========================================================================

Cross Clock Domains Report:
--------------------------

Clock to Setup on destination clock CLK
---------------+---------+---------+---------+---------+
               | Src:Rise| Src:Fall| Src:Rise| Src:Fall|
Source Clock   |Dest:Rise|Dest:Rise|Dest:Fall|Dest:Fall|
---------------+---------+---------+---------+---------+
CLK            |    1.270|         |         |         |
---------------+---------+---------+---------+---------+

=========================================================================


Total REAL time to Xst completion: 23.00 secs
Total CPU time to Xst completion: 22.47 secs
 
--> 

Total memory usage is 4607560 kilobytes

Number of errors   :    0 (   0 filtered)
Number of warnings :    0 (   0 filtered)
Number of infos    :    0 (   0 filtered)

