--------------------------------------------------------------------------------
Release 14.7 Trace  (nt64)
Copyright (c) 1995-2013 Xilinx, Inc.  All rights reserved.

C:\Xilinx\14.7\ISE_DS\ISE\bin\nt64\unwrapped\trce.exe -intstyle ise -v 3 -s 2
-n 3 -fastpaths -xml alu.twx alu.ncd -o alu.twr alu.pcf -ucf CONSTRAINTS.ucf

Design file:              alu.ncd
Physical constraint file: alu.pcf
Device,package,speed:     xc7a100t,csg324,C,-2 (PRODUCTION 1.10 2013-10-13)
Report level:             verbose report

Environment Variable      Effect 
--------------------      ------ 
NONE                      No environment variables were set
--------------------------------------------------------------------------------

INFO:Timing:2698 - No timing constraints found, doing default enumeration.
INFO:Timing:3412 - To improve timing, see the Timing Closure User Guide (UG612).
INFO:Timing:2752 - To get complete path coverage, use the unconstrained paths 
   option. All paths that are not constrained will be reported in the 
   unconstrained paths section(s) of the report.
INFO:Timing:3339 - The clock-to-out numbers in this timing report are based on 
   a 50 Ohm transmission line loading model.  For the details of this model, 
   and for more information on accounting for different loading conditions, 
   please see the device datasheet.



Data Sheet report:
-----------------
All values displayed in nanoseconds (ns)

Setup/Hold to clock aluop<0>
------------+------------+------------+------------+------------+-------------------------+--------+
            |Max Setup to|  Process   |Max Hold to |  Process   |                         | Clock  |
Source      | clk (edge) |   Corner   | clk (edge) |   Corner   |Internal Clock(s)        | Phase  |
------------+------------+------------+------------+------------+-------------------------+--------+
a<0>        |    2.901(F)|      SLOW  |   -0.128(F)|      FAST  |aluop[1]_PWR_7_o_Mux_13_o|   0.000|
a<1>        |    2.500(F)|      SLOW  |   -0.376(F)|      FAST  |aluop[1]_PWR_7_o_Mux_13_o|   0.000|
a<2>        |    0.327(F)|      SLOW  |    0.997(F)|      SLOW  |aluop[1]_PWR_7_o_Mux_13_o|   0.000|
a<3>        |    0.621(F)|      SLOW  |    0.243(F)|      FAST  |aluop[1]_PWR_7_o_Mux_13_o|   0.000|
aluop<2>    |    1.428(F)|      SLOW  |    1.281(F)|      SLOW  |aluop[1]_PWR_7_o_Mux_13_o|   0.000|
aluop<3>    |    0.957(F)|      SLOW  |    1.218(F)|      SLOW  |aluop[1]_PWR_7_o_Mux_13_o|   0.000|
b<0>        |    2.182(F)|      SLOW  |    0.337(F)|      SLOW  |aluop[1]_PWR_7_o_Mux_13_o|   0.000|
b<1>        |    1.868(F)|      SLOW  |    0.957(F)|      SLOW  |aluop[1]_PWR_7_o_Mux_13_o|   0.000|
b<2>        |    1.639(F)|      SLOW  |    0.109(F)|      FAST  |aluop[1]_PWR_7_o_Mux_13_o|   0.000|
b<3>        |    0.055(F)|      FAST  |    0.846(F)|      SLOW  |aluop[1]_PWR_7_o_Mux_13_o|   0.000|
------------+------------+------------+------------+------------+-------------------------+--------+

Setup/Hold to clock aluop<1>
------------+------------+------------+------------+------------+-------------------------+--------+
            |Max Setup to|  Process   |Max Hold to |  Process   |                         | Clock  |
Source      | clk (edge) |   Corner   | clk (edge) |   Corner   |Internal Clock(s)        | Phase  |
------------+------------+------------+------------+------------+-------------------------+--------+
a<0>        |    2.861(F)|      SLOW  |   -0.095(F)|      FAST  |aluop[1]_PWR_7_o_Mux_13_o|   0.000|
a<1>        |    2.460(F)|      SLOW  |   -0.343(F)|      FAST  |aluop[1]_PWR_7_o_Mux_13_o|   0.000|
a<2>        |    0.287(F)|      SLOW  |    1.066(F)|      SLOW  |aluop[1]_PWR_7_o_Mux_13_o|   0.000|
a<3>        |    0.581(F)|      SLOW  |    0.309(F)|      SLOW  |aluop[1]_PWR_7_o_Mux_13_o|   0.000|
aluop<2>    |    1.388(F)|      SLOW  |    1.350(F)|      SLOW  |aluop[1]_PWR_7_o_Mux_13_o|   0.000|
aluop<3>    |    0.917(F)|      SLOW  |    1.287(F)|      SLOW  |aluop[1]_PWR_7_o_Mux_13_o|   0.000|
b<0>        |    2.142(F)|      SLOW  |    0.406(F)|      SLOW  |aluop[1]_PWR_7_o_Mux_13_o|   0.000|
b<1>        |    1.828(F)|      SLOW  |    1.026(F)|      SLOW  |aluop[1]_PWR_7_o_Mux_13_o|   0.000|
b<2>        |    1.599(F)|      SLOW  |    0.142(F)|      FAST  |aluop[1]_PWR_7_o_Mux_13_o|   0.000|
b<3>        |    0.039(F)|      FAST  |    0.915(F)|      SLOW  |aluop[1]_PWR_7_o_Mux_13_o|   0.000|
------------+------------+------------+------------+------------+-------------------------+--------+

Clock aluop<0> to Pad
------------+-----------------+------------+-----------------+------------+-------------------------+--------+
            |Max (slowest) clk|  Process   |Min (fastest) clk|  Process   |                         | Clock  |
Destination |  (edge) to PAD  |   Corner   |  (edge) to PAD  |   Corner   |Internal Clock(s)        | Phase  |
------------+-----------------+------------+-----------------+------------+-------------------------+--------+
ans<0>      |         8.961(F)|      SLOW  |         3.122(F)|      FAST  |aluop[1]_PWR_7_o_Mux_13_o|   0.000|
ans<1>      |         9.027(F)|      SLOW  |         3.146(F)|      FAST  |aluop[1]_PWR_7_o_Mux_13_o|   0.000|
ans<2>      |         9.309(F)|      SLOW  |         3.309(F)|      FAST  |aluop[1]_PWR_7_o_Mux_13_o|   0.000|
ans<3>      |         8.877(F)|      SLOW  |         3.083(F)|      FAST  |aluop[1]_PWR_7_o_Mux_13_o|   0.000|
flags<0>    |         9.861(F)|      SLOW  |         3.497(F)|      FAST  |aluop[1]_PWR_7_o_Mux_13_o|   0.000|
flags<1>    |        10.361(F)|      SLOW  |         3.338(F)|      FAST  |aluop[1]_PWR_7_o_Mux_13_o|   0.000|
flags<2>    |         9.890(F)|      SLOW  |         3.519(F)|      FAST  |aluop[1]_PWR_7_o_Mux_13_o|   0.000|
flags<3>    |         9.287(F)|      SLOW  |         3.157(F)|      FAST  |aluop[1]_PWR_7_o_Mux_13_o|   0.000|
------------+-----------------+------------+-----------------+------------+-------------------------+--------+

Clock aluop<1> to Pad
------------+-----------------+------------+-----------------+------------+-------------------------+--------+
            |Max (slowest) clk|  Process   |Min (fastest) clk|  Process   |                         | Clock  |
Destination |  (edge) to PAD  |   Corner   |  (edge) to PAD  |   Corner   |Internal Clock(s)        | Phase  |
------------+-----------------+------------+-----------------+------------+-------------------------+--------+
ans<0>      |         9.030(F)|      SLOW  |         3.138(F)|      FAST  |aluop[1]_PWR_7_o_Mux_13_o|   0.000|
ans<1>      |         9.096(F)|      SLOW  |         3.162(F)|      FAST  |aluop[1]_PWR_7_o_Mux_13_o|   0.000|
ans<2>      |         9.378(F)|      SLOW  |         3.325(F)|      FAST  |aluop[1]_PWR_7_o_Mux_13_o|   0.000|
ans<3>      |         8.946(F)|      SLOW  |         3.099(F)|      FAST  |aluop[1]_PWR_7_o_Mux_13_o|   0.000|
flags<0>    |         9.930(F)|      SLOW  |         3.513(F)|      FAST  |aluop[1]_PWR_7_o_Mux_13_o|   0.000|
flags<1>    |        10.430(F)|      SLOW  |         3.354(F)|      FAST  |aluop[1]_PWR_7_o_Mux_13_o|   0.000|
flags<2>    |         9.959(F)|      SLOW  |         3.535(F)|      FAST  |aluop[1]_PWR_7_o_Mux_13_o|   0.000|
flags<3>    |         9.356(F)|      SLOW  |         3.173(F)|      FAST  |aluop[1]_PWR_7_o_Mux_13_o|   0.000|
------------+-----------------+------------+-----------------+------------+-------------------------+--------+

Pad to Pad
---------------+---------------+---------+
Source Pad     |Destination Pad|  Delay  |
---------------+---------------+---------+
a<0>           |ans<0>         |   10.056|
a<0>           |flags<1>       |   10.820|
a<1>           |ans<1>         |    9.651|
a<1>           |flags<1>       |   10.420|
a<2>           |ans<2>         |    8.168|
a<2>           |flags<1>       |    8.783|
a<3>           |ans<3>         |    8.254|
a<3>           |flags<1>       |    9.507|
a<3>           |flags<2>       |    9.267|
aluop<0>       |ans<0>         |    7.718|
aluop<0>       |ans<1>         |    7.750|
aluop<0>       |ans<2>         |    8.116|
aluop<0>       |ans<3>         |    7.748|
aluop<0>       |flags<0>       |    7.781|
aluop<0>       |flags<1>       |    9.001|
aluop<0>       |flags<2>       |    8.761|
aluop<0>       |flags<3>       |    7.196|
aluop<1>       |ans<0>         |    7.232|
aluop<1>       |ans<1>         |    7.535|
aluop<1>       |ans<2>         |    8.311|
aluop<1>       |ans<3>         |    7.360|
aluop<1>       |flags<0>       |    7.839|
aluop<1>       |flags<1>       |    8.926|
aluop<1>       |flags<2>       |    8.373|
aluop<1>       |flags<3>       |    7.270|
aluop<2>       |ans<0>         |    7.886|
aluop<2>       |ans<1>         |    8.100|
aluop<2>       |ans<2>         |    8.819|
aluop<2>       |ans<3>         |    7.748|
aluop<2>       |flags<1>       |    9.434|
aluop<2>       |flags<2>       |    8.761|
aluop<3>       |ans<0>         |    8.130|
aluop<3>       |ans<1>         |    7.709|
aluop<3>       |ans<2>         |    8.043|
aluop<3>       |ans<3>         |    7.701|
aluop<3>       |flags<1>       |    8.954|
aluop<3>       |flags<2>       |    8.714|
b<0>           |ans<0>         |    8.030|
b<0>           |flags<1>       |    8.794|
b<1>           |ans<1>         |    8.544|
b<1>           |flags<1>       |    9.313|
b<2>           |ans<2>         |    9.030|
b<2>           |flags<1>       |    9.645|
b<3>           |ans<3>         |    7.742|
b<3>           |flags<1>       |    8.995|
b<3>           |flags<2>       |    8.755|
---------------+---------------+---------+


Analysis completed Tue Sep 18 11:48:38 2018 
--------------------------------------------------------------------------------

Trace Settings:
-------------------------
Trace Settings 

Peak Memory Usage: 5001 MB



