
     | | | | | | |
   _________________
  -|               |-
  -|               |-
  -|               |-
  -|    CYPRESS    |-
  -|               |-
  -|               |-   Warp VHDL Synthesis Compiler: Version 6.3 IR 35
  -|               |-   Copyright (C) 1991-2001 Cypress Semiconductor
   |_______________|
     | | | | | | |

======================================================================
Compiling:  FlipFlops.vhd
Options:    -yu -e10 -w100 -o2 -ygs -fP -v10 -dc22v10 -ppalce22v10-25pc/pi -b FlipFlops.vhd -u FlipFlops.hie
======================================================================

vhdlfe V6.3 IR 35:  VHDL parser
Wed Feb 28 05:08:08 2018

Library 'work' => directory 'lc22v10'
Linking 'C:\Archivos de programa\Cypress\Warp\bin\std.vhd'.
Linking 'C:\Archivos de programa\Cypress\Warp\lib\common\cypress.vhd'.
Linking 'C:\Archivos de programa\Cypress\Warp\lib\common\work\cypress.vif'.
Library 'ieee' => directory 'C:\Archivos de programa\Cypress\Warp\lib\ieee\work'
Linking 'C:\Archivos de programa\Cypress\Warp\lib\ieee\work\stdlogic.vif'.

vhdlfe:  No errors.


tovif V6.3 IR 35:  High-level synthesis
Wed Feb 28 05:08:08 2018

Linking 'C:\Archivos de programa\Cypress\Warp\bin\std.vhd'.
Linking 'C:\Archivos de programa\Cypress\Warp\lib\common\cypress.vhd'.
Linking 'C:\Archivos de programa\Cypress\Warp\lib\common\work\cypress.vif'.
Linking 'C:\Archivos de programa\Cypress\Warp\lib\ieee\work\stdlogic.vif'.

tovif:  No errors.


topld V6.3 IR 35:  Synthesis and optimization
Wed Feb 28 05:08:08 2018

Linking 'C:\Archivos de programa\Cypress\Warp\bin\std.vhd'.
Linking 'C:\Archivos de programa\Cypress\Warp\lib\common\cypress.vhd'.
Linking 'C:\Archivos de programa\Cypress\Warp\lib\common\work\cypress.vif'.
Linking 'C:\Archivos de programa\Cypress\Warp\lib\ieee\work\stdlogic.vif'.

----------------------------------------------------------
Detecting unused logic.
----------------------------------------------------------



------------------------------------------------------
Alias Detection
------------------------------------------------------

------------------------------------------------------
Aliased 0 equations, 9 wires.
------------------------------------------------------

----------------------------------------------------------
Circuit simplification
----------------------------------------------------------

----------------------------------------------------------
Circuit simplification results:

	Expanded 1 signals.
	Turned 0 signals into soft nodes.
	Maximum default expansion cost was set at 10.
----------------------------------------------------------

------------------------------------------------------
Alias Detection
------------------------------------------------------

------------------------------------------------------
Aliased 0 equations, 0 wires.
------------------------------------------------------
Created 33 PLD nodes.

topld:  No errors.

----------------------------------------------------------------------------
PLD Optimizer Software:       DSGNOPT.EXE    31/03/2000  [v4.02 ] 6.3 IR 35

DESIGN HEADER INFORMATION  (05:08:10)

Input File(s): FlipFlops.pla
Device       : C22V10
Package      : palce22v10-25pc/pi
ReportFile   : FlipFlops.rpt

Program Controls:
    COMMAND LANGUAGE_VHDL 
    COMMAND PROPERTY BUS_HOLD ENABLE 

Signal Requests:
    GROUP USEPOL ALL
    GROUP FAST_SLEW ALL

Completed Successfully  
----------------------------------------------------------------------------
PLD Optimizer Software:       DSGNOPT.EXE    31/03/2000  [v4.02 ] 6.3 IR 35

OPTIMIZATION OPTIONS       (05:08:10)

Messages:
  Information: Process virtual 'qoftD'qoftD ... expanded.
  Information: Process virtual 'qofjkD'qofjkD ... expanded.
  Information: Process virtual 'qofsrD'qofsrD ... expanded.
  Information: Process virtual 'qoft' ... converted to NODE.
  Information: Process virtual 'qofd' ... converted to NODE.
  Information: Process virtual 'qofjk' ... converted to NODE.
  Information: Process virtual 'qofsr' ... converted to NODE.
  Information: Optimizing logic using best output polarity for signals:
         display(5) qofjk.D qofsr.D qoft.D

  Information: Selected logic optimization OFF for signals:
         display(0) display(1) display(2) display(3) display(4) qofd.D qofd.AR
         qofd.C qofjk.AR qofjk.C qofsr.AR qofsr.C qoft.AR qoft.C



Summary:
                 Error Count = 0      Warning Count = 0

Completed Successfully  
----------------------------------------------------------------------------
PLD Optimizer Software:       MINOPT.EXE     01/NOV/1999  [v4.02 ] 6.3 IR 35

LOGIC MINIMIZATION         ()

Messages:


Summary:
                 Error Count = 0      Warning Count = 0

Completed Successfully
----------------------------------------------------------------------------
PLD Optimizer Software:       DSGNOPT.EXE    31/03/2000  [v4.02 ] 6.3 IR 35

OPTIMIZATION OPTIONS       (05:08:10)

Messages:
  Information: Optimizing Banked Preset/Reset requirements.


Summary:
                 Error Count = 0      Warning Count = 0

Completed Successfully  
----------------------------------------------------------------------------
PLD Compiler Software:        PLA2JED.EXE    31/03/2000  [v4.02 ] 6.3 IR 35

<CYPRESSTAG name="Equations" icon=FILE_RPT_EQUATION>
DESIGN EQUATIONS           (05:08:10)
</CYPRESSTAG>

    display(0) =
          display(5) 

    display(1) =
          display(5) 

    display(2) =
          display(5) 

    display(3) =
          GND

    display(4) =
          GND

    display(5) =
          qofsr.Q * selector(0) * selector(1) 
        + qofd.Q * /selector(0) * selector(1) 
        + qoft.Q * selector(0) * /selector(1) 
        + qofjk.Q * /selector(0) * /selector(1) 

    qofd.D =
          d 

    qofd.AR =
          clr 

    qofd.SP =
          GND

    qofd.C =
          clk 

    qofjk.D =
          /k * qofjk.Q 
        + j * /qofjk.Q 

    qofjk.AR =
          clr 

    qofjk.SP =
          GND

    qofjk.C =
          clk 

    qofsr.D =
          qofsr.Q * /r 
        + s 

    qofsr.AR =
          clr 

    qofsr.SP =
          GND

    qofsr.C =
          clk 

    qoft.D =
          /qoft.Q * t 
        + qoft.Q * /t 

    qoft.AR =
          clr 

    qoft.SP =
          GND

    qoft.C =
          clk 


Completed Successfully  
----------------------------------------------------------------------------
PLD Compiler Software:        PLA2JED.EXE    31/03/2000  [v4.02 ] 6.3 IR 35

DESIGN RULE CHECK          (05:08:10)

Messages:
                 None.


Summary:
                 Error Count = 0      Warning Count = 0

Completed Successfully  
----------------------------------------------------------------------------
PLD Compiler Software:        PLA2JED.EXE    31/03/2000  [v4.02 ] 6.3 IR 35

<CYPRESSTAG name="Pinout" icon=FILE_RPT_PINOUT>
PINOUT INFORMATION   (05:08:10)
</CYPRESSTAG>
Messages:
  Information: Checking for duplicate NODE logic.
                 None.


                                 C22V10
                 __________________________________________
            clk =| 1|                                  |24|* not used       
            clr =| 2|                                  |23|= (qofsr)        
              s =| 3|                                  |22|= (qofjk)        
              r =| 4|                                  |21|= (qofd)         
              j =| 5|                                  |20|= display(5)     
              k =| 6|                                  |19|= display(4)     
              d =| 7|                                  |18|= display(3)     
              t =| 8|                                  |17|= display(2)     
    selector(1) =| 9|                                  |16|= display(1)     
    selector(0) =|10|                                  |15|= display(0)     
       not used *|11|                                  |14|= (qoft)         
       not used *|12|                                  |13|* not used       
                 __________________________________________


Summary:
                 Error Count = 0      Warning Count = 0

Completed Successfully  
----------------------------------------------------------------------------
PLD Compiler Software:        PLA2JED.EXE    31/03/2000  [v4.02 ] 6.3 IR 35

<CYPRESSTAG name="Utilization" icon=FILE_RPT_UTILIZATION>
RESOURCE UTILIZATION (05:08:10)
</CYPRESSTAG>
  Information: Macrocell Utilization.

                     Description        Used     Max
                 ______________________________________
                 | Dedicated Inputs   |    9  |   11  |
                 | Clock/Inputs       |    1  |    1  |
                 | I/O Macrocells     |   10  |   10  |
                 ______________________________________
                                          20  /   22   = 90  %


  Information: Output Logic Product Term Utilization.

                  Node#  Output Signal Name  Used   Max
                 ________________________________________
                 | 14  |  qoft            |   2  |   8  |
                 | 15  |  display(0)      |   1  |  10  |
                 | 16  |  display(1)      |   1  |  12  |
                 | 17  |  display(2)      |   1  |  14  |
                 | 18  |  display(3)      |   1  |  16  |
                 | 19  |  display(4)      |   1  |  16  |
                 | 20  |  display(5)      |   4  |  14  |
                 | 21  |  qofd            |   1  |  12  |
                 | 22  |  qofjk           |   2  |  10  |
                 | 23  |  qofsr           |   2  |   8  |
                 | 25  |  Unused          |   0  |   1  |
                 ________________________________________
                                             16  / 121   = 13  %


Completed Successfully  
----------------------------------------------------------------------------
PLD Compiler Software:        PLA2JED.EXE    31/03/2000  [v4.02 ] 6.3 IR 35

JEDEC ASSEMBLE             (05:08:10)

Messages:
  Information: Output file 'FlipFlops.pin' created.
  Information: Output file 'FlipFlops.jed' created.

  Usercode:    
  Checksum:    7054



Summary:
                 Error Count = 0      Warning Count = 0

Completed Successfully at 05:08:10
